<?xml version="1.0" encoding="UTF-8"?>
<testsuite name="org.cs305.msgRouterTest" tests="1" skipped="0" failures="0" errors="0" timestamp="2022-03-05T15:39:49" hostname="LAPTOP-VCVL17IN" time="6.977">
  <properties/>
  <testcase name="Test1()" classname="org.cs305.msgRouterTest" time="6.977"/>
  <system-out><![CDATA[127.0.0.1
jdbc:sqlite:/D:\Course_materials\CS305\midsem\app\src\main\java\org\cs305\messages_db.db
D:\Course_materials\CS305\midsem\app\src\main\java\org\cs305\logFile.txt
77001
http://localhost:3030/
VALIDATE_PAN
573fbfa0-97e7-11ec-8fbc-bf1589110003
GOOG,INFY,AAPL
<?xml version="1.0" encoding="UTF-8" ?>
<Message>
    <!-- It is the serviceâ€™s endpoint URL. -->
    <Sender>http://localhost:3030/</Sender>
    <!-- A string that defines a message type. -->
    <MessageType>VALIDATE_PAN</MessageType>
    <!-- A  universally unique ID for a message. -->
    <MessageUUID>573fbfa0-97e7-11ec-8fbc-bf1589110003</MessageUUID>
    <!-- This is the main payload of the message.
    Its content will always be a CDATA section. -->
    <Body>
        <![CDATA[
       GOOG,INFY,AAPL
       ]]]]><![CDATA[>
    </Body>
</Message>

]]></system-out>
  <system-err><![CDATA[[Test worker] INFO io.javalin.Javalin - 
       __                      __ _            __ __
      / /____ _ _   __ ____ _ / /(_)____      / // /
 __  / // __ `/| | / // __ `// // // __ \    / // /_
/ /_/ // /_/ / | |/ // /_/ // // // / / /   /__  __/
\____/ \__,_/  |___/ \__,_//_//_//_/ /_/      /_/

          https://javalin.io/documentation

[Test worker] INFO org.eclipse.jetty.util.log - Logging initialized @23851ms to org.eclipse.jetty.util.log.Slf4jLog
[Test worker] INFO io.javalin.Javalin - Starting Javalin ...
[Test worker] INFO io.javalin.Javalin - You are running Javalin 4.3.0 (released January 13, 2022).
[Test worker] INFO io.javalin.Javalin - Listening on http://localhost:7070/
[Test worker] INFO io.javalin.Javalin - Javalin started in 1639ms \o/
[Test worker] INFO io.javalin.Javalin - 
       __                      __ _            __ __
      / /____ _ _   __ ____ _ / /(_)____      / // /
 __  / // __ `/| | / // __ `// // // __ \    / // /_
/ /_/ // /_/ / | |/ // /_/ // // // / / /   /__  __/
\____/ \__,_/  |___/ \__,_//_//_//_/ /_/      /_/

          https://javalin.io/documentation

[Test worker] INFO io.javalin.Javalin - Starting Javalin ...
[Test worker] INFO io.javalin.Javalin - You are running Javalin 4.3.0 (released January 13, 2022).
[Test worker] INFO io.javalin.Javalin - Listening on http://localhost:3030/
[Test worker] INFO io.javalin.Javalin - Javalin started in 37ms \o/
]]></system-err>
</testsuite>
